#
# There is insufficient memory for the Java Runtime Environment to continue.
# Native memory allocation (malloc) failed to allocate 1048576 bytes for AllocateHeap
# Possible reasons:
#   The system is out of physical RAM or swap space
#   The process is running with CompressedOops enabled, and the Java Heap may be blocking the growth of the native heap
# Possible solutions:
#   Reduce memory load on the system
#   Increase physical memory or swap space
#   Check if swap backing store is full
#   Decrease Java heap size (-Xmx/-Xms)
#   Decrease number of Java threads
#   Decrease Java thread stack sizes (-Xss)
#   Set larger code cache with -XX:ReservedCodeCacheSize=
#   JVM is running with Unscaled Compressed Oops mode in which the Java heap is
#     placed in the first 4GB address space. The Java Heap base address is the
#     maximum limit for the native heap growth. Please use -XX:HeapBaseMinAddress
#     to set the Java Heap base and to place the Java Heap above 4GB virtual address.
# This output file may be truncated or incomplete.
#
#  Out of Memory Error (memory/allocation.inline.hpp:61), pid=22464, tid=0x0000000000005c78
#
# JRE version:  (8.0_201-b09) (build )
# Java VM: Java HotSpot(TM) 64-Bit Server VM (25.201-b09 mixed mode windows-amd64 compressed oops)
# Failed to write core dump. Minidumps are not enabled by default on client versions of Windows
#

---------------  T H R E A D  ---------------

Current thread (0x000000000325e000):  JavaThread "Unknown thread" [_thread_in_vm, id=23672, stack(0x00000000035c0000,0x00000000036c0000)]

Stack: [0x00000000035c0000,0x00000000036c0000]
[error occurred during error reporting (printing stack bounds), id 0xc0000005]

Native frames: (J=compiled Java code, j=interpreted, Vv=VM code, C=native code)


---------------  P R O C E S S  ---------------

Java Threads: ( => current thread )

Other Threads:

=>0x000000000325e000 (exited) JavaThread "Unknown thread" [_thread_in_vm, id=23672, stack(0x00000000035c0000,0x00000000036c0000)]

VM state:not at safepoint (normal execution)

VM Mutex/Monitor currently owned by a thread: None

heap address: 0x0000000082200000, size: 2014 MB, Compressed Oops mode: 32-bit
Narrow klass base: 0x0000000000000000, Narrow klass shift: 3
Compressed class space size: 1073741824 Address: 0x0000000100000000

Heap:
 PSYoungGen      total 37888K, used 655K [0x00000000d6100000, 0x00000000d8b00000, 0x0000000100000000)
  eden space 32768K, 2% used [0x00000000d6100000,0x00000000d61a3d80,0x00000000d8100000)
  from space 5120K, 0% used [0x00000000d8600000,0x00000000d8600000,0x00000000d8b00000)
  to   space 5120K, 0% used [0x00000000d8100000,0x00000000d8100000,0x00000000d8600000)
 ParOldGen       total 86016K, used 0K [0x0000000082200000, 0x0000000087600000, 0x00000000d6100000)
  object space 86016K, 0% used [0x0000000082200000,0x0000000082200000,0x0000000087600000)
 Metaspace       used 751K, capacity 4480K, committed 4480K, reserved 1056768K
  class space    used 76K, capacity 384K, committed 384K, reserved 1048576K

Card table byte_map: [0x0000000012b80000,0x0000000012f70000] byte_map_base: 0x000000001276f000

Marking Bits: (ParMarkBitMap*) 0x0000000057ba4ce0
 Begin Bits: [0x0000000013c10000, 0x0000000015b88000)
 End Bits:   [0x0000000015b88000, 0x0000000017b00000)

Polling page: 0x0000000001310000

CodeCache: size=245760Kb used=328Kb max_used=328Kb free=245431Kb
 bounds [0x00000000037c0000, 0x0000000003a30000, 0x00000000127c0000]
 total_blobs=58 nmethods=0 adapters=38
 compilation: enabled

Compilation events (0 events):
No events

GC Heap History (0 events):
No events

Deoptimization events (0 events):
No events

Classes redefined (0 events):
No events

Internal exceptions (0 events):
No events

Events (10 events):
Event: 0.034 loading class java/lang/Short
Event: 0.034 loading class java/lang/Short done
Event: 0.034 loading class java/lang/Integer
Event: 0.034 loading class java/lang/Integer done
Event: 0.034 loading class java/lang/Long
Event: 0.034 loading class java/lang/Long done
Event: 0.035 loading class java/lang/NullPointerException
Event: 0.035 loading class java/lang/NullPointerException done
Event: 0.035 loading class java/lang/ArithmeticException
Event: 0.035 loading class java/lang/ArithmeticException done


Dynamic libraries:
0x00007ff745460000 - 0x00007ff745497000 	C:\Program Files\Java\jre1.8.0_201\bin\javaw.exe
0x00007ffeab170000 - 0x00007ffeab35d000 	C:\WINDOWS\SYSTEM32\ntdll.dll
0x00007ffeaa690000 - 0x00007ffeaa743000 	C:\WINDOWS\System32\KERNEL32.DLL
0x00007ffea7c50000 - 0x00007ffea7ee3000 	C:\WINDOWS\System32\KERNELBASE.dll
0x00007ffeaada0000 - 0x00007ffeaae43000 	C:\WINDOWS\System32\ADVAPI32.dll
0x00007ffea86d0000 - 0x00007ffea876e000 	C:\WINDOWS\System32\msvcrt.dll
0x00007ffeaaf60000 - 0x00007ffeaaffe000 	C:\WINDOWS\System32\sechost.dll
0x00007ffeaaa60000 - 0x00007ffeaab82000 	C:\WINDOWS\System32\RPCRT4.dll
0x00007ffea8790000 - 0x00007ffea8927000 	C:\WINDOWS\System32\USER32.dll
0x00007ffea82d0000 - 0x00007ffea82f0000 	C:\WINDOWS\System32\win32u.dll
0x00007ffeaae50000 - 0x00007ffeaae79000 	C:\WINDOWS\System32\GDI32.dll
0x00007ffea8010000 - 0x00007ffea81aa000 	C:\WINDOWS\System32\gdi32full.dll
0x00007ffea8200000 - 0x00007ffea82a0000 	C:\WINDOWS\System32\msvcp_win.dll
0x00007ffea7f10000 - 0x00007ffea800a000 	C:\WINDOWS\System32\ucrtbase.dll
0x00007ffe8f5a0000 - 0x00007ffe8f819000 	C:\WINDOWS\WinSxS\amd64_microsoft.windows.common-controls_6595b64144ccf1df_6.0.17763.557_none_05b63f68071e5b9f\COMCTL32.dll
0x00007ffea83a0000 - 0x00007ffea86cc000 	C:\WINDOWS\System32\combase.dll
0x00007ffea7bd0000 - 0x00007ffea7c4e000 	C:\WINDOWS\System32\bcryptPrimitives.dll
0x00007ffeaaf30000 - 0x00007ffeaaf5e000 	C:\WINDOWS\System32\IMM32.DLL
0x0000000057c30000 - 0x0000000057d01000 	C:\Program Files\Java\jre1.8.0_201\bin\msvcr100.dll
0x0000000057380000 - 0x0000000057c24000 	C:\Program Files\Java\jre1.8.0_201\bin\server\jvm.dll
0x00007ffeab130000 - 0x00007ffeab138000 	C:\WINDOWS\System32\PSAPI.DLL
0x00007ffe95260000 - 0x00007ffe95269000 	C:\WINDOWS\SYSTEM32\WSOCK32.dll
0x00007ffe978f0000 - 0x00007ffe978fa000 	C:\WINDOWS\SYSTEM32\VERSION.dll
0x00007ffea3ed0000 - 0x00007ffea3ef4000 	C:\WINDOWS\SYSTEM32\WINMM.dll
0x00007ffeaab90000 - 0x00007ffeaabfd000 	C:\WINDOWS\System32\WS2_32.dll
0x00007ffea3ea0000 - 0x00007ffea3ecd000 	C:\WINDOWS\SYSTEM32\winmmbase.dll
0x00007ffea81b0000 - 0x00007ffea81fa000 	C:\WINDOWS\System32\cfgmgr32.dll
0x00007ffea0990000 - 0x00007ffea099f000 	C:\Program Files\Java\jre1.8.0_201\bin\verify.dll
0x00007ffe940e0000 - 0x00007ffe94109000 	C:\Program Files\Java\jre1.8.0_201\bin\java.dll
0x00007ffe9b000000 - 0x00007ffe9b016000 	C:\Program Files\Java\jre1.8.0_201\bin\zip.dll

VM Arguments:
jvm_args: -Dfile.encoding=GBK 
java_command: moban.Main
java_class_path (initial): C:\Users\82785\eclipse-workspace\moban\bin
Launcher Type: SUN_STANDARD

Environment Variables:
JAVA_HOME=C:\Program Files\Java\jdk1.8.0_201
CLASSPATH=.;C:\Program Files\Java\jdk1.8.0_201\lib\dt.jar;C:\Program Files\Java\jdk1.8.0_201\lib\tools.jar;
PATH=C:/Program Files/Java/jdk1.8.0_201/bin/../jre/bin/server;C:/Program Files/Java/jdk1.8.0_201/bin/../jre/bin;C:/Program Files/Java/jdk1.8.0_201/bin/../jre/lib/amd64;C:\Program Files\Java\jdk1.8.0_201\bin;C:\Program Files\Java\jdk1.8.0_201\jre\bin;F:\hexo\node_modules\.bin;C:\Program Files\nodejs\;C:\Program Files (x86)\Dev-Cpp\MinGW64\bin;C:\Users\82785\AppData\Local\Programs\Python\Python37;;C:\WINDOWS\system32;C:\WINDOWS;C:\WINDOWS\System32\Wbem;C:\WINDOWS\System32\WindowsPowerShell\v1.0\;C:\WINDOWS\System32\OpenSSH\;C:\Users\82785\AppData\Local\Programs\Python\Python37\Scripts\;C:\Users\82785\AppData\Local\Programs\Python\Python37\;C:\Users\82785\AppData\Local\Microsoft\WindowsApps;C:\Users\82785\AppData\Local\Programs\Microsoft VS Code\bin;C:\Users\82785\AppData\Local\atom\bin;C:\Program Files\Java\jdk1.8.0_201\bin;C:\Program Files\Java\jdk1.8.0_201\jre\bin;F:\hexo\node_modules\.bin;C:\Program Files\nodejs\node_modules\npm\bin;C:\Users\82785\AppData\Roaming\npm;"C:\Users\82785\AppData\Roaming\Microsoft\Windows\Start Menu\Programs\Python 3.7;";;C:\Users\82785\AppData\Local\Microsoft\WindowsApps;C:\WINDOWS\System32;
USERNAME=82785
OS=Windows_NT
PROCESSOR_IDENTIFIER=Intel64 Family 6 Model 158 Stepping 10, GenuineIntel



---------------  S Y S T E M  ---------------

OS: Windows 10.0 , 64 bit Build 17763 (10.0.17763.475)

CPU:total 12 (initial active 12) (6 cores per cpu, 2 threads per core) family 6 model 158 stepping 10, cmov, cx8, fxsr, mmx, sse, sse2, sse3, ssse3, sse4.1, sse4.2, popcnt, avx, avx2, aes, clmul, erms, 3dnowpref, lzcnt, ht, tsc, tscinvbit, bmi1, bmi2, adx

Memory: 4k page, physical 8243596k(1439004k free), swap 23742728k(5304k free)

vm_info: Java HotSpot(TM) 64-Bit Server VM (25.201-b09) for windows-amd64 JRE (1.8.0_201-b09), built on Dec 15 2018 18:36:39 by "java_re" with MS VC++ 10.0 (VS2010)

time: Mon Jun 17 22:49:57 2019
timezone: 中国标准时间
elapsed time: 0 seconds (0d 0h 0m 0s)

